[ 2017-05-27T18:00:07+08:00 ] 127.0.0.1 /Index/index1
INFO: [ app_init ] --START--
INFO: Run Behavior\BuildLiteBehavior [ RunTime:0.000000s ]
INFO: [ app_init ] --END-- [ RunTime:0.001000s ]
INFO: [ app_begin ] --START--
INFO: Run Behavior\ReadHtmlCacheBehavior [ RunTime:0.001000s ]
INFO: [ app_begin ] --END-- [ RunTime:0.001000s ]
SQL: SHOW COLUMNS FROM `sime_blog` [ RunTime:0.0050s ]
SQL: SHOW COLUMNS FROM `sime_user_cla` [ RunTime:0.0030s ]
NOTIC: [8] Undefined variable: where D:\work\bk\blog\Home\Controller\IndexController.class.php 第 41 行.
SQL: SELECT COUNT(*) AS tp_count FROM sime_blog b LEFT JOIN sime_user u ON b.uid=u.uid LEFT JOIN sime_user_cla c ON b.fid=c.id  LIMIT 1   [ RunTime:0.0010s ]
SQL: SELECT b.*,c.name FROM sime_blog b LEFT JOIN sime_user u ON b.uid=u.uid LEFT JOIN sime_user_cla c ON b.fid=c.id  ORDER BY b.id desc LIMIT 0,15   [ RunTime:0.0010s ]
INFO: [ view_parse ] --START--
INFO: [ template_filter ] --START--
INFO: Run Behavior\ContentReplaceBehavior [ RunTime:0.000000s ]
INFO: [ template_filter ] --END-- [ RunTime:0.000000s ]
INFO: Run Behavior\ParseTemplateBehavior [ RunTime:0.015001s ]
INFO: [ view_parse ] --END-- [ RunTime:0.015001s ]
INFO: [ view_filter ] --START--
INFO: Run Behavior\WriteHtmlCacheBehavior [ RunTime:0.000000s ]
INFO: [ view_filter ] --END-- [ RunTime:0.000000s ]
INFO: [ app_end ] --START--
INFO: Run Behavior\ShowPageTraceBehavior [ RunTime:0.001000s ]
INFO: [ app_end ] --END-- [ RunTime:0.001000s ]

[ 2017-05-27T18:00:08+08:00 ] 127.0.0.1 /Index/favicon.ico
INFO: [ app_init ] --START--
INFO: Run Behavior\BuildLiteBehavior [ RunTime:0.000000s ]
INFO: [ app_init ] --END-- [ RunTime:0.000000s ]

